2017-10-18 02:45:33,407 [Start Help Server] INFO  org.eclipse.jetty.util.log - Logging initialized @31674109ms
2017-10-18 02:45:34,115 [Start Help Server] INFO  org.eclipse.jetty.server.Server - jetty-9.3.9.v20160517
2017-10-18 02:45:34,274 [Start Help Server] INFO  o.e.j.server.handler.ContextHandler - Started o.e.j.s.ServletContextHandler@1ba53078{/help,null,AVAILABLE}
2017-10-18 02:45:34,387 [Start Help Server] INFO  o.e.jetty.server.AbstractConnector - Started ServerConnector@2fcb6695{HTTP/1.1,[http/1.1]}{127.0.0.1:65140}
2017-10-18 02:45:34,389 [Start Help Server] INFO  org.eclipse.jetty.server.Server - Started @31675116ms
2017-10-18 02:46:49,654 [qtp1424795680-971] WARN  o.e.jetty.servlet.ServletHandler - 
org.apache.jasper.JasperException: org.eclipse.jetty.io.RuntimeIOException: org.eclipse.jetty.io.EofException
	at org.apache.jasper.servlet.JspServletWrapper.service(JspServletWrapper.java:432) ~[na:na]
	at org.apache.jasper.servlet.JspServlet.serviceJspFile(JspServlet.java:492) ~[na:na]
	at org.apache.jasper.servlet.JspServlet.service(JspServlet.java:378) ~[na:na]
	at javax.servlet.http.HttpServlet.service(HttpServlet.java:790) ~[javax.servlet_3.1.0.v201410161800.jar:3.1.0]
	at org.eclipse.equinox.jsp.jasper.JspServlet.service(JspServlet.java:155) ~[na:na]
	at javax.servlet.http.HttpServlet.service(HttpServlet.java:790) ~[javax.servlet_3.1.0.v201410161800.jar:3.1.0]
	at org.eclipse.equinox.http.registry.internal.ServletManager$ServletWrapper.service(ServletManager.java:180) ~[na:na]
	at org.eclipse.equinox.http.servlet.internal.HttpServiceRuntimeImpl$LegacyServlet.service(HttpServiceRuntimeImpl.java:1221) ~[na:na]
	at org.eclipse.equinox.http.servlet.internal.registration.EndpointRegistration.service(EndpointRegistration.java:153) ~[na:na]
	at org.eclipse.equinox.http.servlet.internal.servlet.ResponseStateHandler.processRequest(ResponseStateHandler.java:62) ~[na:na]
	at org.eclipse.equinox.http.servlet.internal.context.DispatchTargets.doDispatch(DispatchTargets.java:132) ~[na:na]
	at org.eclipse.equinox.http.servlet.internal.servlet.ProxyServlet.service(ProxyServlet.java:100) ~[na:na]
	at javax.servlet.http.HttpServlet.service(HttpServlet.java:790) ~[javax.servlet_3.1.0.v201410161800.jar:3.1.0]
	at org.eclipse.equinox.http.jetty.internal.HttpServerManager$InternalHttpServiceServlet.service(HttpServerManager.java:310) ~[org.eclipse.equinox.http.jetty_3.3.0.v20160324-1850.jar:na]
	at org.eclipse.jetty.servlet.ServletHolder.handle(ServletHolder.java:845) ~[org.eclipse.jetty.servlet_9.3.9.v20160517.jar:9.3.9.v20160517]
	at org.eclipse.jetty.servlet.ServletHandler.doHandle(ServletHandler.java:583) [org.eclipse.jetty.servlet_9.3.9.v20160517.jar:9.3.9.v20160517]
	at org.eclipse.jetty.server.session.SessionHandler.doHandle(SessionHandler.java:224) [org.eclipse.jetty.server_9.3.9.v20160517.jar:9.3.9.v20160517]
	at org.eclipse.jetty.server.handler.ContextHandler.doHandle(ContextHandler.java:1174) [org.eclipse.jetty.server_9.3.9.v20160517.jar:9.3.9.v20160517]
	at org.eclipse.jetty.servlet.ServletHandler.doScope(ServletHandler.java:511) [org.eclipse.jetty.servlet_9.3.9.v20160517.jar:9.3.9.v20160517]
	at org.eclipse.jetty.server.session.SessionHandler.doScope(SessionHandler.java:185) [org.eclipse.jetty.server_9.3.9.v20160517.jar:9.3.9.v20160517]
	at org.eclipse.jetty.server.handler.ContextHandler.doScope(ContextHandler.java:1106) [org.eclipse.jetty.server_9.3.9.v20160517.jar:9.3.9.v20160517]
	at org.eclipse.jetty.server.handler.ScopedHandler.handle(ScopedHandler.java:141) [org.eclipse.jetty.server_9.3.9.v20160517.jar:9.3.9.v20160517]
	at org.eclipse.jetty.server.handler.HandlerWrapper.handle(HandlerWrapper.java:134) [org.eclipse.jetty.server_9.3.9.v20160517.jar:9.3.9.v20160517]
	at org.eclipse.jetty.server.Server.handle(Server.java:524) [org.eclipse.jetty.server_9.3.9.v20160517.jar:9.3.9.v20160517]
	at org.eclipse.jetty.server.HttpChannel.handle(HttpChannel.java:319) [org.eclipse.jetty.server_9.3.9.v20160517.jar:9.3.9.v20160517]
	at org.eclipse.jetty.server.HttpConnection.onFillable(HttpConnection.java:253) [org.eclipse.jetty.server_9.3.9.v20160517.jar:9.3.9.v20160517]
	at org.eclipse.jetty.io.AbstractConnection$ReadCallback.succeeded(AbstractConnection.java:273) [org.eclipse.jetty.io_9.3.9.v20160517.jar:9.3.9.v20160517]
	at org.eclipse.jetty.io.FillInterest.fillable(FillInterest.java:95) [org.eclipse.jetty.io_9.3.9.v20160517.jar:9.3.9.v20160517]
	at org.eclipse.jetty.io.SelectChannelEndPoint$2.run(SelectChannelEndPoint.java:93) [org.eclipse.jetty.io_9.3.9.v20160517.jar:9.3.9.v20160517]
	at org.eclipse.jetty.util.thread.strategy.ExecuteProduceConsume.executeProduceConsume(ExecuteProduceConsume.java:303) [org.eclipse.jetty.util_9.3.9.v20160517.jar:9.3.9.v20160517]
	at org.eclipse.jetty.util.thread.strategy.ExecuteProduceConsume.produceConsume(ExecuteProduceConsume.java:148) [org.eclipse.jetty.util_9.3.9.v20160517.jar:9.3.9.v20160517]
	at org.eclipse.jetty.util.thread.strategy.ExecuteProduceConsume.run(ExecuteProduceConsume.java:136) [org.eclipse.jetty.util_9.3.9.v20160517.jar:9.3.9.v20160517]
	at org.eclipse.jetty.util.thread.QueuedThreadPool.runJob(QueuedThreadPool.java:671) [org.eclipse.jetty.util_9.3.9.v20160517.jar:9.3.9.v20160517]
	at org.eclipse.jetty.util.thread.QueuedThreadPool$2.run(QueuedThreadPool.java:589) [org.eclipse.jetty.util_9.3.9.v20160517.jar:9.3.9.v20160517]
	at java.lang.Thread.run(Thread.java:745) [na:1.8.0_101]
Caused by: org.eclipse.jetty.io.RuntimeIOException: org.eclipse.jetty.io.EofException
	at org.eclipse.jetty.server.ResponseWriter.isOpen(ResponseWriter.java:133) ~[org.eclipse.jetty.server_9.3.9.v20160517.jar:9.3.9.v20160517]
	at org.eclipse.jetty.server.ResponseWriter.write(ResponseWriter.java:202) ~[org.eclipse.jetty.server_9.3.9.v20160517.jar:9.3.9.v20160517]
	at java.io.PrintWriter.write(PrintWriter.java:426) ~[na:1.8.0_101]
	at org.eclipse.equinox.http.servlet.internal.servlet.HttpServletResponseWrapperImpl$InternalWriter.write(HttpServletResponseWrapperImpl.java:176) ~[na:na]
	at org.apache.jasper.runtime.JspWriterImpl.flushBuffer(JspWriterImpl.java:185) ~[na:na]
	at org.apache.jasper.runtime.JspWriterImpl.write(JspWriterImpl.java:458) ~[na:na]
	at org.apache.jasper.runtime.JspWriterImpl.write(JspWriterImpl.java:471) ~[na:na]
	at org.apache.jsp.advanced.searchView_jsp._jspService(org.apache.jsp.advanced.searchView_jsp:492) ~[na:na]
	at org.apache.jasper.runtime.HttpJspBase.service(HttpJspBase.java:111) ~[na:na]
	at javax.servlet.http.HttpServlet.service(HttpServlet.java:790) ~[javax.servlet_3.1.0.v201410161800.jar:3.1.0]
	at org.apache.jasper.servlet.JspServletWrapper.service(JspServletWrapper.java:403) ~[na:na]
	... 34 common frames omitted
Caused by: org.eclipse.jetty.io.EofException: null
	at org.eclipse.jetty.io.ChannelEndPoint.flush(ChannelEndPoint.java:197) ~[org.eclipse.jetty.io_9.3.9.v20160517.jar:9.3.9.v20160517]
	at org.eclipse.jetty.io.WriteFlusher.flush(WriteFlusher.java:419) ~[org.eclipse.jetty.io_9.3.9.v20160517.jar:9.3.9.v20160517]
	at org.eclipse.jetty.io.WriteFlusher.write(WriteFlusher.java:313) ~[org.eclipse.jetty.io_9.3.9.v20160517.jar:9.3.9.v20160517]
	at org.eclipse.jetty.io.AbstractEndPoint.write(AbstractEndPoint.java:141) ~[org.eclipse.jetty.io_9.3.9.v20160517.jar:9.3.9.v20160517]
	at org.eclipse.jetty.server.HttpConnection$SendCallback.process(HttpConnection.java:733) ~[org.eclipse.jetty.server_9.3.9.v20160517.jar:9.3.9.v20160517]
	at org.eclipse.jetty.util.IteratingCallback.processing(IteratingCallback.java:241) ~[org.eclipse.jetty.util_9.3.9.v20160517.jar:9.3.9.v20160517]
	at org.eclipse.jetty.util.IteratingCallback.iterate(IteratingCallback.java:224) ~[org.eclipse.jetty.util_9.3.9.v20160517.jar:9.3.9.v20160517]
	at org.eclipse.jetty.server.HttpConnection.send(HttpConnection.java:521) [org.eclipse.jetty.server_9.3.9.v20160517.jar:9.3.9.v20160517]
	at org.eclipse.jetty.server.HttpChannel.sendResponse(HttpChannel.java:692) [org.eclipse.jetty.server_9.3.9.v20160517.jar:9.3.9.v20160517]
	at org.eclipse.jetty.server.HttpChannel.write(HttpChannel.java:746) [org.eclipse.jetty.server_9.3.9.v20160517.jar:9.3.9.v20160517]
	at org.eclipse.jetty.server.HttpOutput.write(HttpOutput.java:179) ~[org.eclipse.jetty.server_9.3.9.v20160517.jar:9.3.9.v20160517]
	at org.eclipse.jetty.server.HttpOutput.write(HttpOutput.java:163) ~[org.eclipse.jetty.server_9.3.9.v20160517.jar:9.3.9.v20160517]
	at org.eclipse.jetty.server.HttpOutput.write(HttpOutput.java:415) ~[org.eclipse.jetty.server_9.3.9.v20160517.jar:9.3.9.v20160517]
	at java.io.ByteArrayOutputStream.writeTo(ByteArrayOutputStream.java:167) ~[na:1.8.0_101]
	at org.eclipse.jetty.server.Utf8HttpWriter.write(Utf8HttpWriter.java:183) ~[org.eclipse.jetty.server_9.3.9.v20160517.jar:9.3.9.v20160517]
	at org.eclipse.jetty.server.ResponseWriter.write(ResponseWriter.java:203) ~[org.eclipse.jetty.server_9.3.9.v20160517.jar:9.3.9.v20160517]
	at java.io.PrintWriter.write(PrintWriter.java:426) ~[na:1.8.0_101]
	at org.eclipse.equinox.http.servlet.internal.servlet.HttpServletResponseWrapperImpl$InternalWriter.write(HttpServletResponseWrapperImpl.java:176) ~[na:na]
	at org.apache.jasper.runtime.JspWriterImpl.flushBuffer(JspWriterImpl.java:185) ~[na:na]
	at org.apache.jasper.runtime.JspWriterImpl.write(JspWriterImpl.java:458) ~[na:na]
	at org.apache.jasper.runtime.JspWriterImpl.write(JspWriterImpl.java:471) ~[na:na]
	at org.apache.jsp.advanced.searchView_jsp._jspService(org.apache.jsp.advanced.searchView_jsp:490) ~[na:na]
	... 37 common frames omitted
Caused by: java.io.IOException: Foi forçado o cancelamento de uma conexão existente pelo host remoto
	at sun.nio.ch.SocketDispatcher.writev0(Native Method) ~[na:1.8.0_101]
	at sun.nio.ch.SocketDispatcher.writev(SocketDispatcher.java:55) ~[na:1.8.0_101]
	at sun.nio.ch.IOUtil.write(IOUtil.java:148) ~[na:1.8.0_101]
	at sun.nio.ch.SocketChannelImpl.write(SocketChannelImpl.java:504) ~[na:1.8.0_101]
	at org.eclipse.jetty.io.ChannelEndPoint.flush(ChannelEndPoint.java:177) ~[org.eclipse.jetty.io_9.3.9.v20160517.jar:9.3.9.v20160517]
	... 58 common frames omitted
2017-10-18 02:46:49,697 [qtp1424795680-971] WARN  o.eclipse.jetty.server.HttpChannel - //127.0.0.1:65140/help/advanced/searchView.jsp?searchWord=Maximize&maxHits=500
org.apache.jasper.JasperException: org.eclipse.jetty.io.RuntimeIOException: org.eclipse.jetty.io.EofException
	at org.apache.jasper.servlet.JspServletWrapper.service(JspServletWrapper.java:432) ~[na:na]
	at org.apache.jasper.servlet.JspServlet.serviceJspFile(JspServlet.java:492) ~[na:na]
	at org.apache.jasper.servlet.JspServlet.service(JspServlet.java:378) ~[na:na]
	at javax.servlet.http.HttpServlet.service(HttpServlet.java:790) ~[javax.servlet_3.1.0.v201410161800.jar:3.1.0]
	at org.eclipse.equinox.jsp.jasper.JspServlet.service(JspServlet.java:155) ~[na:na]
	at javax.servlet.http.HttpServlet.service(HttpServlet.java:790) ~[javax.servlet_3.1.0.v201410161800.jar:3.1.0]
	at org.eclipse.equinox.http.registry.internal.ServletManager$ServletWrapper.service(ServletManager.java:180) ~[na:na]
	at org.eclipse.equinox.http.servlet.internal.HttpServiceRuntimeImpl$LegacyServlet.service(HttpServiceRuntimeImpl.java:1221) ~[na:na]
	at org.eclipse.equinox.http.servlet.internal.registration.EndpointRegistration.service(EndpointRegistration.java:153) ~[na:na]
	at org.eclipse.equinox.http.servlet.internal.servlet.ResponseStateHandler.processRequest(ResponseStateHandler.java:62) ~[na:na]
	at org.eclipse.equinox.http.servlet.internal.context.DispatchTargets.doDispatch(DispatchTargets.java:132) ~[na:na]
	at org.eclipse.equinox.http.servlet.internal.servlet.ProxyServlet.service(ProxyServlet.java:100) ~[na:na]
	at javax.servlet.http.HttpServlet.service(HttpServlet.java:790) ~[javax.servlet_3.1.0.v201410161800.jar:3.1.0]
	at org.eclipse.equinox.http.jetty.internal.HttpServerManager$InternalHttpServiceServlet.service(HttpServerManager.java:310) ~[na:na]
	at org.eclipse.jetty.servlet.ServletHolder.handle(ServletHolder.java:845) ~[na:na]
	at org.eclipse.jetty.servlet.ServletHandler.doHandle(ServletHandler.java:583) ~[na:na]
	at org.eclipse.jetty.server.session.SessionHandler.doHandle(SessionHandler.java:224) ~[org.eclipse.jetty.server_9.3.9.v20160517.jar:9.3.9.v20160517]
	at org.eclipse.jetty.server.handler.ContextHandler.doHandle(ContextHandler.java:1174) ~[org.eclipse.jetty.server_9.3.9.v20160517.jar:9.3.9.v20160517]
	at org.eclipse.jetty.servlet.ServletHandler.doScope(ServletHandler.java:511) ~[na:na]
	at org.eclipse.jetty.server.session.SessionHandler.doScope(SessionHandler.java:185) ~[org.eclipse.jetty.server_9.3.9.v20160517.jar:9.3.9.v20160517]
	at org.eclipse.jetty.server.handler.ContextHandler.doScope(ContextHandler.java:1106) ~[org.eclipse.jetty.server_9.3.9.v20160517.jar:9.3.9.v20160517]
	at org.eclipse.jetty.server.handler.ScopedHandler.handle(ScopedHandler.java:141) ~[org.eclipse.jetty.server_9.3.9.v20160517.jar:9.3.9.v20160517]
	at org.eclipse.jetty.server.handler.HandlerWrapper.handle(HandlerWrapper.java:134) ~[org.eclipse.jetty.server_9.3.9.v20160517.jar:9.3.9.v20160517]
	at org.eclipse.jetty.server.Server.handle(Server.java:524) ~[org.eclipse.jetty.server_9.3.9.v20160517.jar:9.3.9.v20160517]
	at org.eclipse.jetty.server.HttpChannel.handle(HttpChannel.java:319) ~[org.eclipse.jetty.server_9.3.9.v20160517.jar:9.3.9.v20160517]
	at org.eclipse.jetty.server.HttpConnection.onFillable(HttpConnection.java:253) [org.eclipse.jetty.server_9.3.9.v20160517.jar:9.3.9.v20160517]
	at org.eclipse.jetty.io.AbstractConnection$ReadCallback.succeeded(AbstractConnection.java:273) [org.eclipse.jetty.io_9.3.9.v20160517.jar:9.3.9.v20160517]
	at org.eclipse.jetty.io.FillInterest.fillable(FillInterest.java:95) [org.eclipse.jetty.io_9.3.9.v20160517.jar:9.3.9.v20160517]
	at org.eclipse.jetty.io.SelectChannelEndPoint$2.run(SelectChannelEndPoint.java:93) [org.eclipse.jetty.io_9.3.9.v20160517.jar:9.3.9.v20160517]
	at org.eclipse.jetty.util.thread.strategy.ExecuteProduceConsume.executeProduceConsume(ExecuteProduceConsume.java:303) [org.eclipse.jetty.util_9.3.9.v20160517.jar:9.3.9.v20160517]
	at org.eclipse.jetty.util.thread.strategy.ExecuteProduceConsume.produceConsume(ExecuteProduceConsume.java:148) [org.eclipse.jetty.util_9.3.9.v20160517.jar:9.3.9.v20160517]
	at org.eclipse.jetty.util.thread.strategy.ExecuteProduceConsume.run(ExecuteProduceConsume.java:136) [org.eclipse.jetty.util_9.3.9.v20160517.jar:9.3.9.v20160517]
	at org.eclipse.jetty.util.thread.QueuedThreadPool.runJob(QueuedThreadPool.java:671) [org.eclipse.jetty.util_9.3.9.v20160517.jar:9.3.9.v20160517]
	at org.eclipse.jetty.util.thread.QueuedThreadPool$2.run(QueuedThreadPool.java:589) [org.eclipse.jetty.util_9.3.9.v20160517.jar:9.3.9.v20160517]
	at java.lang.Thread.run(Thread.java:745) [na:1.8.0_101]
Caused by: org.eclipse.jetty.io.RuntimeIOException: org.eclipse.jetty.io.EofException
	at org.eclipse.jetty.server.ResponseWriter.isOpen(ResponseWriter.java:133) ~[org.eclipse.jetty.server_9.3.9.v20160517.jar:9.3.9.v20160517]
	at org.eclipse.jetty.server.ResponseWriter.write(ResponseWriter.java:202) ~[org.eclipse.jetty.server_9.3.9.v20160517.jar:9.3.9.v20160517]
	at java.io.PrintWriter.write(PrintWriter.java:426) ~[na:1.8.0_101]
	at org.eclipse.equinox.http.servlet.internal.servlet.HttpServletResponseWrapperImpl$InternalWriter.write(HttpServletResponseWrapperImpl.java:176) ~[na:na]
	at org.apache.jasper.runtime.JspWriterImpl.flushBuffer(JspWriterImpl.java:185) ~[na:na]
	at org.apache.jasper.runtime.JspWriterImpl.write(JspWriterImpl.java:458) ~[na:na]
	at org.apache.jasper.runtime.JspWriterImpl.write(JspWriterImpl.java:471) ~[na:na]
	at org.apache.jsp.advanced.searchView_jsp._jspService(org.apache.jsp.advanced.searchView_jsp:492) ~[na:na]
	at org.apache.jasper.runtime.HttpJspBase.service(HttpJspBase.java:111) ~[na:na]
	at javax.servlet.http.HttpServlet.service(HttpServlet.java:790) ~[javax.servlet_3.1.0.v201410161800.jar:3.1.0]
	at org.apache.jasper.servlet.JspServletWrapper.service(JspServletWrapper.java:403) ~[na:na]
	... 34 common frames omitted
Caused by: org.eclipse.jetty.io.EofException: null
	at org.eclipse.jetty.io.ChannelEndPoint.flush(ChannelEndPoint.java:197) ~[org.eclipse.jetty.io_9.3.9.v20160517.jar:9.3.9.v20160517]
	at org.eclipse.jetty.io.WriteFlusher.flush(WriteFlusher.java:419) ~[org.eclipse.jetty.io_9.3.9.v20160517.jar:9.3.9.v20160517]
	at org.eclipse.jetty.io.WriteFlusher.write(WriteFlusher.java:313) ~[org.eclipse.jetty.io_9.3.9.v20160517.jar:9.3.9.v20160517]
	at org.eclipse.jetty.io.AbstractEndPoint.write(AbstractEndPoint.java:141) ~[org.eclipse.jetty.io_9.3.9.v20160517.jar:9.3.9.v20160517]
	at org.eclipse.jetty.server.HttpConnection$SendCallback.process(HttpConnection.java:733) ~[org.eclipse.jetty.server_9.3.9.v20160517.jar:9.3.9.v20160517]
	at org.eclipse.jetty.util.IteratingCallback.processing(IteratingCallback.java:241) ~[org.eclipse.jetty.util_9.3.9.v20160517.jar:9.3.9.v20160517]
	at org.eclipse.jetty.util.IteratingCallback.iterate(IteratingCallback.java:224) ~[org.eclipse.jetty.util_9.3.9.v20160517.jar:9.3.9.v20160517]
	at org.eclipse.jetty.server.HttpConnection.send(HttpConnection.java:521) [org.eclipse.jetty.server_9.3.9.v20160517.jar:9.3.9.v20160517]
	at org.eclipse.jetty.server.HttpChannel.sendResponse(HttpChannel.java:692) ~[org.eclipse.jetty.server_9.3.9.v20160517.jar:9.3.9.v20160517]
	at org.eclipse.jetty.server.HttpChannel.write(HttpChannel.java:746) ~[org.eclipse.jetty.server_9.3.9.v20160517.jar:9.3.9.v20160517]
	at org.eclipse.jetty.server.HttpOutput.write(HttpOutput.java:179) ~[org.eclipse.jetty.server_9.3.9.v20160517.jar:9.3.9.v20160517]
	at org.eclipse.jetty.server.HttpOutput.write(HttpOutput.java:163) ~[org.eclipse.jetty.server_9.3.9.v20160517.jar:9.3.9.v20160517]
	at org.eclipse.jetty.server.HttpOutput.write(HttpOutput.java:415) ~[org.eclipse.jetty.server_9.3.9.v20160517.jar:9.3.9.v20160517]
	at java.io.ByteArrayOutputStream.writeTo(ByteArrayOutputStream.java:167) ~[na:1.8.0_101]
	at org.eclipse.jetty.server.Utf8HttpWriter.write(Utf8HttpWriter.java:183) ~[org.eclipse.jetty.server_9.3.9.v20160517.jar:9.3.9.v20160517]
	at org.eclipse.jetty.server.ResponseWriter.write(ResponseWriter.java:203) ~[org.eclipse.jetty.server_9.3.9.v20160517.jar:9.3.9.v20160517]
	at java.io.PrintWriter.write(PrintWriter.java:426) ~[na:1.8.0_101]
	at org.eclipse.equinox.http.servlet.internal.servlet.HttpServletResponseWrapperImpl$InternalWriter.write(HttpServletResponseWrapperImpl.java:176) ~[na:na]
	at org.apache.jasper.runtime.JspWriterImpl.flushBuffer(JspWriterImpl.java:185) ~[na:na]
	at org.apache.jasper.runtime.JspWriterImpl.write(JspWriterImpl.java:458) ~[na:na]
	at org.apache.jasper.runtime.JspWriterImpl.write(JspWriterImpl.java:471) ~[na:na]
	at org.apache.jsp.advanced.searchView_jsp._jspService(org.apache.jsp.advanced.searchView_jsp:490) ~[na:na]
	... 37 common frames omitted
Caused by: java.io.IOException: Foi forçado o cancelamento de uma conexão existente pelo host remoto
	at sun.nio.ch.SocketDispatcher.writev0(Native Method) ~[na:1.8.0_101]
	at sun.nio.ch.SocketDispatcher.writev(SocketDispatcher.java:55) ~[na:1.8.0_101]
	at sun.nio.ch.IOUtil.write(IOUtil.java:148) ~[na:1.8.0_101]
	at sun.nio.ch.SocketChannelImpl.write(SocketChannelImpl.java:504) ~[na:1.8.0_101]
	at org.eclipse.jetty.io.ChannelEndPoint.flush(ChannelEndPoint.java:177) ~[org.eclipse.jetty.io_9.3.9.v20160517.jar:9.3.9.v20160517]
	... 58 common frames omitted
2017-10-18 03:01:33,836 [Stop Help Server] INFO  o.e.jetty.server.AbstractConnector - Stopped ServerConnector@2fcb6695{HTTP/1.1,[http/1.1]}{127.0.0.1:0}
2017-10-18 03:01:34,070 [Stop Help Server] INFO  o.e.j.server.handler.ContextHandler - Stopped o.e.j.s.ServletContextHandler@1ba53078{/help,null,UNAVAILABLE}
2017-10-18 10:56:49,676 [Start Help Server] INFO  org.eclipse.jetty.util.log - Logging initialized @28448372ms
2017-10-18 10:56:50,203 [Start Help Server] INFO  org.eclipse.jetty.server.Server - jetty-9.3.9.v20160517
2017-10-18 10:56:50,325 [Start Help Server] INFO  o.e.j.server.handler.ContextHandler - Started o.e.j.s.ServletContextHandler@2d982243{/help,null,AVAILABLE}
2017-10-18 10:56:50,369 [Start Help Server] INFO  o.e.jetty.server.AbstractConnector - Started ServerConnector@68a4d7d{HTTP/1.1,[http/1.1]}{127.0.0.1:7636}
2017-10-18 10:56:50,370 [Start Help Server] INFO  org.eclipse.jetty.server.Server - Started @28449106ms
2017-10-18 12:56:39,076 [Stop Help Server] INFO  o.e.jetty.server.AbstractConnector - Stopped ServerConnector@68a4d7d{HTTP/1.1,[http/1.1]}{127.0.0.1:0}
2017-10-18 12:56:39,198 [Stop Help Server] INFO  o.e.j.server.handler.ContextHandler - Stopped o.e.j.s.ServletContextHandler@2d982243{/help,null,UNAVAILABLE}
